[01m[K/root/webots_ros2/src/ObstacleAvoider.cpp:[m[K In member function â€˜[01m[Kvoid ObstacleAvoider::rightSensorCallback(sensor_msgs::msg::Range_<std::allocator<void> >::SharedPtr)[m[Kâ€™:
[01m[K/root/webots_ros2/src/ObstacleAvoider.cpp:54:34:[m[K [01;31m[Kerror: [m[Kâ€˜[01m[KMAX_ANGULAR_VELOCITY[m[Kâ€™ was not declared in this scope
   54 |     command_message->angular.z = [01;31m[KMAX_ANGULAR_VELOCITY[m[K;  // Vira com limite seguro
      |                                  [01;31m[K^~~~~~~~~~~~~~~~~~~~[m[K
[01m[K/root/webots_ros2/src/ObstacleAvoider.cpp:62:36:[m[K [01;31m[Kerror: [m[Kâ€˜[01m[KMAX_ANGULAR_VELOCITY[m[Kâ€™ was not declared in this scope
   62 |   if (command_message->angular.z > [01;31m[KMAX_ANGULAR_VELOCITY[m[K) command_message->angular.z = MAX_ANGULAR_VELOCITY;
      |                                    [01;31m[K^~~~~~~~~~~~~~~~~~~~[m[K
[01m[K/root/webots_ros2/src/ObstacleAvoider.cpp:[m[K In member function â€˜[01m[Kvoid ObstacleAvoider::rightSensorCallbackRobot2(sensor_msgs::msg::Range_<std::allocator<void> >::SharedPtr)[m[Kâ€™:
[01m[K/root/webots_ros2/src/ObstacleAvoider.cpp:83:34:[m[K [01;31m[Kerror: [m[Kâ€˜[01m[KMAX_ANGULAR_VELOCITY[m[Kâ€™ was not declared in this scope
   83 |     command_message->angular.z = [01;31m[KMAX_ANGULAR_VELOCITY[m[K;  // Vira com limite seguro
      |                                  [01;31m[K^~~~~~~~~~~~~~~~~~~~[m[K
[01m[K/root/webots_ros2/src/ObstacleAvoider.cpp:91:36:[m[K [01;31m[Kerror: [m[Kâ€˜[01m[KMAX_ANGULAR_VELOCITY[m[Kâ€™ was not declared in this scope
   91 |   if (command_message->angular.z > [01;31m[KMAX_ANGULAR_VELOCITY[m[K) command_message->angular.z = MAX_ANGULAR_VELOCITY;
      |                                    [01;31m[K^~~~~~~~~~~~~~~~~~~~[m[K
gmake[2]: *** [CMakeFiles/obstacle_avoider.dir/build.make:76: CMakeFiles/obstacle_avoider.dir/src/ObstacleAvoider.cpp.o] Error 1
gmake[1]: *** [CMakeFiles/Makefile2:139: CMakeFiles/obstacle_avoider.dir/all] Error 2
gmake: *** [Makefile:146: all] Error 2
